2024-03-07T10:07:08.220-03:00  INFO 7808 --- [main] c.a.t.TeamstatsfoxApplicationTests       : Starting TeamstatsfoxApplicationTests using Java 17.0.10 with PID 7808 (started by root in /opt/aplicaciones/backend/teamstatsfox)
2024-03-07T10:07:08.229-03:00  INFO 7808 --- [main] c.a.t.TeamstatsfoxApplicationTests       : No active profile set, falling back to 1 default profile: "default"
2024-03-07T10:07:10.384-03:00  INFO 7808 --- [main] .s.d.r.c.RepositoryConfigurationDelegate : Bootstrapping Spring Data JPA repositories in DEFAULT mode.
2024-03-07T10:07:10.550-03:00  INFO 7808 --- [main] .s.d.r.c.RepositoryConfigurationDelegate : Finished Spring Data repository scanning in 136 ms. Found 12 JPA repository interfaces.
2024-03-07T10:07:11.673-03:00  INFO 7808 --- [main] o.hibernate.jpa.internal.util.LogHelper  : HHH000204: Processing PersistenceUnitInfo [name: default]
2024-03-07T10:07:12.179-03:00  INFO 7808 --- [main] org.hibernate.Version                    : HHH000412: Hibernate ORM core version 6.2.13.Final
2024-03-07T10:07:12.208-03:00  INFO 7808 --- [main] org.hibernate.cfg.Environment            : HHH000406: Using bytecode reflection optimizer
2024-03-07T10:07:13.186-03:00  INFO 7808 --- [main] o.s.o.j.p.SpringPersistenceUnitInfo      : No LoadTimeWeaver setup: ignoring JPA class transformer
2024-03-07T10:07:13.330-03:00  INFO 7808 --- [main] com.zaxxer.hikari.HikariDataSource       : HikariPool-1 - Starting...
2024-03-07T10:07:13.837-03:00  INFO 7808 --- [main] com.zaxxer.hikari.pool.HikariPool        : HikariPool-1 - Added connection com.mysql.cj.jdbc.ConnectionImpl@4af70b83
2024-03-07T10:07:13.839-03:00  INFO 7808 --- [main] com.zaxxer.hikari.HikariDataSource       : HikariPool-1 - Start completed.
2024-03-07T10:07:16.720-03:00  INFO 7808 --- [main] o.h.e.t.j.p.i.JtaPlatformInitiator       : HHH000489: No JTA platform available (set 'hibernate.transaction.jta.platform' to enable JTA platform integration)
2024-03-07T10:07:16.826-03:00  INFO 7808 --- [main] j.LocalContainerEntityManagerFactoryBean : Initialized JPA EntityManagerFactory for persistence unit 'default'
2024-03-07T10:07:18.068-03:00  INFO 7808 --- [main] o.s.d.j.r.query.QueryEnhancerFactory     : Hibernate is in classpath; If applicable, HQL parser will be used.
2024-03-07T10:07:18.673-03:00  WARN 7808 --- [main] JpaBaseConfiguration$JpaWebConfiguration : spring.jpa.open-in-view is enabled by default. Therefore, database queries may be performed during view rendering. Explicitly configure spring.jpa.open-in-view to disable this warning
2024-03-07T10:07:19.763-03:00  INFO 7808 --- [main] o.s.s.web.DefaultSecurityFilterChain     : Will secure any request with [org.springframework.security.web.session.DisableEncodeUrlFilter@6e6ec9c, org.springframework.security.web.context.request.async.WebAsyncManagerIntegrationFilter@7aecff85, org.springframework.security.web.context.SecurityContextHolderFilter@2a0d8df8, org.springframework.security.web.header.HeaderWriterFilter@72ea5674, org.springframework.web.filter.CorsFilter@3393aa46, org.springframework.security.web.authentication.logout.LogoutFilter@5013c6bc, com.acadev.teamstatsfox.security.jwt.AuthTokenFilter@20dc763b, org.springframework.security.web.savedrequest.RequestCacheAwareFilter@232899d1, org.springframework.security.web.servletapi.SecurityContextHolderAwareRequestFilter@522221e1, org.springframework.security.web.authentication.AnonymousAuthenticationFilter@4f0381cd, org.springframework.security.web.session.SessionManagementFilter@4d408746, org.springframework.security.web.access.ExceptionTranslationFilter@2cd6fae8, org.springframework.security.web.access.intercept.FilterSecurityInterceptor@3dfe520]
2024-03-07T10:07:20.278-03:00  INFO 7808 --- [main] c.a.t.TeamstatsfoxApplicationTests       : Started TeamstatsfoxApplicationTests in 12.82 seconds (process running for 15.803)
2024-03-07T10:07:21.740-03:00  INFO 7808 --- [SpringApplicationShutdownHook] j.LocalContainerEntityManagerFactoryBean : Closing JPA EntityManagerFactory for persistence unit 'default'
2024-03-07T10:07:21.742-03:00  INFO 7808 --- [SpringApplicationShutdownHook] com.zaxxer.hikari.HikariDataSource       : HikariPool-1 - Shutdown initiated...
2024-03-07T10:07:21.771-03:00  INFO 7808 --- [SpringApplicationShutdownHook] com.zaxxer.hikari.HikariDataSource       : HikariPool-1 - Shutdown completed.
